MIF/HEX Update report for AP9
Tue Apr 05 17:11:55 2016
Quartus II 64-Bit Version 13.1.0 Build 162 10/23/2013 SJ Web Edition


---------------------
; Table of Contents ;
---------------------
  1. Legal Notice
  2. MIF/HEX Update Summary
  3. MIF/HEX Update Processed Files
  4. MIF/HEX Update Messages



----------------
; Legal Notice ;
----------------
Copyright (C) 1991-2013 Altera Corporation
Your use of Altera Corporation's design tools, logic functions 
and other software and tools, and its AMPP partner logic 
functions, and any output files from any of the foregoing 
(including device programming or simulation files), and any 
associated documentation or information are expressly subject 
to the terms and conditions of the Altera Program License 
Subscription Agreement, Altera MegaCore Function License 
Agreement, or other applicable license agreement, including, 
without limitation, that your use is for the sole purpose of 
programming logic devices manufactured by Altera and sold by 
Altera or its authorized distributors.  Please refer to the 
applicable agreement for further details.



+---------------------------------------------------------------+
; MIF/HEX Update Summary                                        ;
+-----------------------+---------------------------------------+
; MIF/HEX Update Status ; Successful - Tue Apr 05 17:11:55 2016 ;
; Revision Name         ; AP9                                   ;
; Top-level Entity Name ; kit                                   ;
; Family                ; Cyclone IV E                          ;
; Device                ; EP4CE115F29C7                         ;
+-----------------------+---------------------------------------+


+------------------------------------------------------------------------------------------------------------------------------------------+
; MIF/HEX Update Processed Files                                                                                                           ;
+------------------------------------------------------------------------------------------------------------------------------------------+
; File Name                                                                                                                                ;
+------------------------------------------------------------------------------------------------------------------------------------------+
; C:/Users/Mario/Desktop/Processador-ICMC-master_Final/Processador-ICMC-master/Processor_FPGA/Processor_Template_VHDL_DE115/charmap.mif    ;
; C:/Users/Mario/Desktop/Processador-ICMC-master_Final/Processador-ICMC-master/Processor_FPGA/Processor_Template_VHDL_DE115/cpuram.mif     ;
; C:/Users/Mario/Desktop/Processador-ICMC-master_Final/Processador-ICMC-master/Processor_FPGA/Processor_Template_VHDL_DE115/video_mem1.mif ;
; C:/Users/Mario/Desktop/Processador-ICMC-master_Final/Processador-ICMC-master/Processor_FPGA/Processor_Template_VHDL_DE115/video_mem2.mif ;
+------------------------------------------------------------------------------------------------------------------------------------------+


+-------------------------+
; MIF/HEX Update Messages ;
+-------------------------+
Info: *******************************************************************
Info: Running Quartus II 64-Bit MIF/HEX Update
    Info: Version 13.1.0 Build 162 10/23/2013 SJ Web Edition
    Info: Processing started: Tue Apr 05 17:11:53 2016
Info: Command: quartus_cdb AP9 -c AP9 --update_mif
Warning (125092): Tcl Script File ../../ProcUktimaVersao/ProcessadorRegsVariables_SemInstrucoesUltima1/lpm_mux1.qip not found
    Info (125063): set_global_assignment -name QIP_FILE ../../ProcUktimaVersao/ProcessadorRegsVariables_SemInstrucoesUltima1/lpm_mux1.qip
Warning (113031): 8 out of 1024 addresses are reinitialized. The latest initialized data will replace the existing data. There are 8 warnings found, and 8 warnings are reported.
    Warning (113030): Memory Initialization File address 104 is reinitialized
    Warning (113030): Memory Initialization File address 105 is reinitialized
    Warning (113030): Memory Initialization File address 106 is reinitialized
    Warning (113030): Memory Initialization File address 107 is reinitialized
    Warning (113030): Memory Initialization File address 108 is reinitialized
    Warning (113030): Memory Initialization File address 109 is reinitialized
    Warning (113030): Memory Initialization File address 110 is reinitialized
    Warning (113030): Memory Initialization File address 111 is reinitialized
Critical Warning (127005): Memory depth (65536) in the design file differs from memory depth (32768) in the Memory Initialization File "C:/Users/Mario/Desktop/Processador-ICMC-master_Final/Processador-ICMC-master/Processor_FPGA/Processor_Template_VHDL_DE115/cpuram.mif" -- setting initial value for remaining addresses to 0
Info (39024): Processed the following Memory Initialization File(s)
    Info (39025): Processed Memory Initialization File C:/Users/Mario/Desktop/Processador-ICMC-master_Final/Processador-ICMC-master/Processor_FPGA/Processor_Template_VHDL_DE115/charmap.mif
    Info (39025): Processed Memory Initialization File C:/Users/Mario/Desktop/Processador-ICMC-master_Final/Processador-ICMC-master/Processor_FPGA/Processor_Template_VHDL_DE115/cpuram.mif
    Info (39025): Processed Memory Initialization File C:/Users/Mario/Desktop/Processador-ICMC-master_Final/Processador-ICMC-master/Processor_FPGA/Processor_Template_VHDL_DE115/video_mem1.mif
    Info (39025): Processed Memory Initialization File C:/Users/Mario/Desktop/Processador-ICMC-master_Final/Processador-ICMC-master/Processor_FPGA/Processor_Template_VHDL_DE115/video_mem2.mif
Info: Quartus II 64-Bit MIF/HEX Update was successful. 0 errors, 11 warnings
    Info: Peak virtual memory: 549 megabytes
    Info: Processing ended: Tue Apr 05 17:11:55 2016
    Info: Elapsed time: 00:00:02
    Info: Total CPU time (on all processors): 00:00:03


